<?xml version="1.0" encoding="UTF-8"?>
<!-- Generated by org.testng.reporters.JUnitReportReporter -->
<testsuite hostname="DESKTOP-F904GN0" failures="0" tests="3" name="com.bankguru.login.Login_01_Register_And_Login_Repeat_Yourself" time="11.666" errors="1" timestamp="20 Mar 2022 06:39:05 GMT" skipped="0">
  <testcase classname="com.bankguru.login.Login_01_Register_And_Login_Repeat_Yourself" name="Login_01_Register_To_System" time="8.207"/>
  <testcase classname="com.bankguru.login.Login_01_Register_And_Login_Repeat_Yourself" name="cleanBrowser" time="0.792">
    <error message="Error communicating with the remote browser. It may have died.
Build info: version: &#039;3.5.0&#039;, revision: &#039;8def36e068&#039;, time: &#039;2017-08-10T23:00:22.093Z&#039;
System info: host: &#039;DESKTOP-F904GN0&#039;, ip: &#039;192.168.58.1&#039;, os.name: &#039;Windows 10&#039;, os.arch: &#039;amd64&#039;, os.version: &#039;10.0&#039;, java.version: &#039;16.0.1&#039;
Driver info: driver.version: RemoteWebDriver
Capabilities [{moz:profile=C:\Users\16145\AppData\Local\Temp\rust_mozprofilen1opcd, rotatable=false, moz:geckodriverVersion=0.30.0, timeouts={implicit=0.0, pageLoad=300000.0, script=30000.0}, pageLoadStrategy=normal, unhandledPromptBehavior=dismiss and notify, strictFileInteractability=false, moz:headless=false, platform=ANY, moz:accessibilityChecks=false, moz:useNonSpecCompliantPointerOrigin=false, acceptInsecureCerts=false, browserVersion=84.0.2, moz:shutdownTimeout=60000.0, platformVersion=10.0, moz:processID=16064.0, browserName=firefox, moz:buildID=20210105180113, javascriptEnabled=true, platformName=windows, setWindowRect=true, moz:webdriverClick=true}]
Session ID: daf6cb3f-6d79-4dbd-ab20-90ea79dca2c1" type="org.openqa.selenium.remote.UnreachableBrowserException">
      <![CDATA[org.openqa.selenium.remote.UnreachableBrowserException: Error communicating with the remote browser. It may have died.
Build info: version: '3.5.0', revision: '8def36e068', time: '2017-08-10T23:00:22.093Z'
System info: host: 'DESKTOP-F904GN0', ip: '192.168.58.1', os.name: 'Windows 10', os.arch: 'amd64', os.version: '10.0', java.version: '16.0.1'
Driver info: driver.version: RemoteWebDriver
Capabilities [{moz:profile=C:\Users\16145\AppData\Local\Temp\rust_mozprofilen1opcd, rotatable=false, moz:geckodriverVersion=0.30.0, timeouts={implicit=0.0, pageLoad=300000.0, script=30000.0}, pageLoadStrategy=normal, unhandledPromptBehavior=dismiss and notify, strictFileInteractability=false, moz:headless=false, platform=ANY, moz:accessibilityChecks=false, moz:useNonSpecCompliantPointerOrigin=false, acceptInsecureCerts=false, browserVersion=84.0.2, moz:shutdownTimeout=60000.0, platformVersion=10.0, moz:processID=16064.0, browserName=firefox, moz:buildID=20210105180113, javascriptEnabled=true, platformName=windows, setWindowRect=true, moz:webdriverClick=true}]
Session ID: daf6cb3f-6d79-4dbd-ab20-90ea79dca2c1
at org.openqa.selenium.remote.RemoteWebDriver.execute(RemoteWebDriver.java:662)
at org.openqa.selenium.remote.RemoteWebDriver.execute(RemoteWebDriver.java:698)
at org.openqa.selenium.remote.RemoteWebDriver.quit(RemoteWebDriver.java:537)
at com.bankguru.login.Login_01_Register_And_Login_Repeat_Yourself.cleanBrowser(Login_01_Register_And_Login_Repeat_Yourself.java:55)
at java.base/jdk.internal.reflect.NativeMethodAccessorImpl.invoke0(Native Method)
at java.base/jdk.internal.reflect.NativeMethodAccessorImpl.invoke(NativeMethodAccessorImpl.java:78)
at java.base/jdk.internal.reflect.DelegatingMethodAccessorImpl.invoke(DelegatingMethodAccessorImpl.java:43)
at java.base/java.lang.reflect.Method.invoke(Method.java:567)
at org.testng.internal.MethodInvocationHelper.invokeMethod(MethodInvocationHelper.java:124)
at org.testng.internal.MethodInvocationHelper.invokeMethodConsideringTimeout(MethodInvocationHelper.java:59)
at org.testng.internal.Invoker.invokeConfigurationMethod(Invoker.java:458)
at org.testng.internal.Invoker.invokeConfigurations(Invoker.java:222)
at org.testng.internal.Invoker.invokeConfigurations(Invoker.java:142)
at org.testng.internal.TestMethodWorker.invokeAfterClassMethods(TestMethodWorker.java:214)
at org.testng.internal.TestMethodWorker.run(TestMethodWorker.java:111)
at org.testng.TestRunner.privateRun(TestRunner.java:648)
at org.testng.TestRunner.run(TestRunner.java:505)
at org.testng.SuiteRunner.runTest(SuiteRunner.java:455)
at org.testng.SuiteRunner.runSequentially(SuiteRunner.java:450)
at org.testng.SuiteRunner.privateRun(SuiteRunner.java:415)
at org.testng.SuiteRunner.run(SuiteRunner.java:364)
at org.testng.SuiteRunnerWorker.runSuite(SuiteRunnerWorker.java:52)
at org.testng.SuiteRunnerWorker.run(SuiteRunnerWorker.java:84)
at org.testng.TestNG.runSuitesSequentially(TestNG.java:1208)
at org.testng.TestNG.runSuitesLocally(TestNG.java:1137)
at org.testng.TestNG.runSuites(TestNG.java:1049)
at org.testng.TestNG.run(TestNG.java:1017)
at org.testng.remote.AbstractRemoteTestNG.run(AbstractRemoteTestNG.java:115)
at org.testng.remote.RemoteTestNG.initAndRun(RemoteTestNG.java:251)
at org.testng.remote.RemoteTestNG.main(RemoteTestNG.java:77)
Caused by: java.lang.RuntimeException: Process refused to die after 10 seconds, and couldn't taskkill it: Couldn't detect pid
at org.openqa.selenium.os.ProcessUtils.killWinProcess(ProcessUtils.java:133)
at org.openqa.selenium.os.ProcessUtils.killProcess(ProcessUtils.java:81)
at org.openqa.selenium.os.UnixProcess$SeleniumWatchDog.destroyHarder(UnixProcess.java:265)
at org.openqa.selenium.os.UnixProcess$SeleniumWatchDog.access$200(UnixProcess.java:219)
at org.openqa.selenium.os.UnixProcess.destroy(UnixProcess.java:127)
at org.openqa.selenium.os.CommandLine.destroy(CommandLine.java:153)
at org.openqa.selenium.remote.service.DriverService.stop(DriverService.java:220)
at org.openqa.selenium.remote.service.DriverCommandExecutor.execute(DriverCommandExecutor.java:94)
at org.openqa.selenium.remote.RemoteWebDriver.execute(RemoteWebDriver.java:641)
... 29 more
Caused by: java.lang.RuntimeException: Couldn't detect pid
at org.openqa.selenium.os.ProcessUtils.getProcessId(ProcessUtils.java:195)
at org.openqa.selenium.os.ProcessUtils.killWinProcess(ProcessUtils.java:128)
... 37 more
Caused by: java.lang.reflect.InaccessibleObjectException: Unable to make field private final long java.lang.ProcessImpl.handle accessible: module java.base does not "opens java.lang" to unnamed module @67b6d4ae
at java.base/java.lang.reflect.AccessibleObject.checkCanSetAccessible(AccessibleObject.java:357)
at java.base/java.lang.reflect.AccessibleObject.checkCanSetAccessible(AccessibleObject.java:297)
at java.base/java.lang.reflect.Field.checkCanSetAccessible(Field.java:177)
at java.base/java.lang.reflect.Field.setAccessible(Field.java:171)
at org.openqa.selenium.os.ProcessUtils.getProcessId(ProcessUtils.java:181)
... 38 more
]]>
    </error>
  </testcase> <!-- cleanBrowser -->
  <testcase classname="com.bankguru.login.Login_01_Register_And_Login_Repeat_Yourself" name="Login_02_Login_To_System" time="2.667"/>
</testsuite> <!-- com.bankguru.login.Login_01_Register_And_Login_Repeat_Yourself -->
